<?xml version="1.0" encoding="UTF-8"?>
<testsuite name="SILab2Test" tests="2" skipped="0" failures="0" errors="0" timestamp="2021-05-26T22:20:02" hostname="MIHAIL" time="0.044">
  <properties/>
  <testcase name="function()" classname="SILab2Test" time="0.027"/>
  <testcase name="multipleCondition()" classname="SILab2Test" time="0.016"/>
  <system-out><![CDATA[]]></system-out>
  <system-err><![CDATA[]]></system-err>
</testsuite>
